<?xml version="1.0" encoding="UTF-8"?>
<!-- Generated by org.testng.reporters.JUnitReportReporter -->
<testsuite hostname="asus" failures="0" tests="1" name="io.github.jmgarridopaz.bluezone.adapter.forcheckingcars.test.testcases.IllegallyParkedCarTest" time="0.049" errors="0" timestamp="2021-03-22T07:09:37 CET" skipped="0">
  <testcase classname="io.github.jmgarridopaz.bluezone.adapter.forcheckingcars.test.testcases.IllegallyParkedCarTest" name="hardCodedHexagonTest" time="0.049"/>
  <system-out>
GIVEN current date-time is '2020-04-22T09:00' WHEN I check if car '0000AAA' is illegally parked at area with rate 'GREEN_ZONE' THEN illegally parked car should be 'false'  </system-out>
</testsuite> <!-- io.github.jmgarridopaz.bluezone.adapter.forcheckingcars.test.testcases.IllegallyParkedCarTest -->
